#
# A fatal error has been detected by the Java Runtime Environment:
#
#  SIGSEGV (0xb) at pc=0x00007f4539069a7a, pid=7759, tid=0x00007f44b0330700
#
# JRE version: Java(TM) SE Runtime Environment (8.0_121-b13) (build 1.8.0_121-b13)
# Java VM: Java HotSpot(TM) 64-Bit Server VM (25.121-b13 mixed mode linux-amd64 compressed oops)
# Problematic frame:
# v  ~BufferBlob::jni_fast_GetLongField
#
# Failed to write core dump. Core dumps have been disabled. To enable core dumping, try "ulimit -c unlimited" before starting Java again
#
# If you would like to submit a bug report, please visit:
#   http://bugreport.java.com/bugreport/crash.jsp
# The crash happened outside the Java Virtual Machine in native code.
# See problematic frame for where to report the bug.
#

---------------  T H R E A D  ---------------

Current thread (0x00007f44c06d5800):  JavaThread "AWT-XAWT" daemon [_thread_in_native, id=7839, stack(0x00007f44b0230000,0x00007f44b0331000)]

siginfo: si_signo: 11 (SIGSEGV), si_code: 1 (SEGV_MAPERR), si_addr: 0x0000000000000000

Registers:
RAX=0x00007f4550adff60, RBX=0x00007f44c06d59f8, RCX=0x00007f4551547320, RDX=0x0000000000000042
RSP=0x00007f44b032f478, RBP=0x00007f44b032f4a0, RSI=0x0000000000000000, RDI=0x00007f44c06d59f8
R8 =0x00000000d8e20800, R9 =0x0000000000000000, R10=0x00000000000002ca, R11=0x00007f45396ba098
R12=0x00007f44a408e950, R13=0x0000000000000000, R14=0x00007f44bc6277e0, R15=0x00007f44c06d5800
RIP=0x00007f4539069a7a, EFLAGS=0x0000000000010246, CSGSFS=0x0000000000000033, ERR=0x0000000000000004
  TRAPNO=0x000000000000000e

Top of Stack: (sp=0x00007f44b032f478)
0x00007f44b032f478:   00007f44bc405ee1 00007f44bf058060
0x00007f44b032f488:   00007f44a408e950 00007f44b032f550
0x00007f44b032f498:   00007f44b032f520 0000000000000008
0x00007f44b032f4a8:   00007f4522ce8ae8 00007f44bf058060
0x00007f44b032f4b8:   00007f44b032f4e0 0000000000000000
0x00007f44b032f4c8:   00007f4522ce09a3 00007f44b032f550
0x00007f44b032f4d8:   00007f44bc3ff11f 00007f44b032f530
0x00007f44b032f4e8:   00007f45396ba13e 0000000000000000
0x00007f44b032f4f8:   00007f45395cbbfe 00007f44b032f550
0x00007f44b032f508:   00007f453918b3ec 0000000770ea8008
0x00007f44b032f518:   00007f453a014748 00000006c74ae720
0x00007f44b032f528:   00007f453944d2f4 00007f44b032f5b0
0x00007f44b032f538:   00007f4539007a90 00007f44b032f5b0
0x00007f44b032f548:   00007f4539007a90 0000000000000000
0x00007f44b032f558:   00007f4539007dd0 00007f44a8001f30
0x00007f44b032f568:   0000000770ea8008 00007f44b032f570
0x00007f44b032f578:   00007f44bf0355fc 00007f44b032f5f8
0x00007f44b032f588:   00007f44bf0493f8 0000000000000000
0x00007f44b032f598:   00007f44bf035738 00007f44b032f550
0x00007f44b032f5a8:   00007f44b032f5f0 00007f44b032f640
0x00007f44b032f5b8:   00007f45390082bd 0000000000000000
0x00007f44b032f5c8:   000000076ea24ba0 0000000000000000
0x00007f44b032f5d8:   0000000000000000 0000000000000000
0x00007f44b032f5e8:   0000000770ea8008 0000000000000000
0x00007f44b032f5f8:   0000000770d10958 00007f44b032f600
0x00007f44b032f608:   00007f44bf03543d 00007f44b032f650
0x00007f44b032f618:   00007f44bf0493f8 0000000000000000
0x00007f44b032f628:   00007f44bf035448 00007f44b032f5f0
0x00007f44b032f638:   00007f44b032f650 00007f44b032f698
0x00007f44b032f648:   00007f4539008302 0000000770d10958
0x00007f44b032f658:   00007f44b032f658 00007f453882d993
0x00007f44b032f668:   00007f44b032f6a8 00007f45388b5010 

Instructions: (pc=0x00007f4539069a7a)
0x00007f4539069a5a:   00 00 00 00 00 00 44 8b 15 81 5f ab 17 4c 8b ce
0x00007f4539069a6a:   41 f6 c2 01 0f 85 2e 00 00 00 4d 33 ca 4d 33 ca
0x00007f4539069a7a:   4d 8b 09 4c 8b da 49 c1 eb 02 4b 8b 04 19 49 bb
0x00007f4539069a8a:   e8 f9 b1 50 45 7f 00 00 4c 33 d8 4c 33 d8 45 3b 

Register to memory mapping:

RAX=0x00007f4550adff60: <offset 0xf85f60> in /usr/lib/jvm/java-8-oracle/jre/lib/amd64/server/libjvm.so at 0x00007f454fb5a000
RBX=0x00007f44c06d59f8 is an unknown value
RCX=0x00007f4551547320: <offset 0x219320> in /lib/x86_64-linux-gnu/libpthread.so.0 at 0x00007f455132e000
RDX=0x0000000000000042 is an unknown value
RSP=0x00007f44b032f478 is pointing into the stack for thread: 0x00007f44c06d5800
RBP=0x00007f44b032f4a0 is pointing into the stack for thread: 0x00007f44c06d5800
RSI=0x0000000000000000 is an unknown value
RDI=0x00007f44c06d59f8 is an unknown value
R8 =0x00000000d8e20800 is an unknown value
R9 =0x0000000000000000 is an unknown value
R10=0x00000000000002ca is an unknown value
R11=0x00007f45396ba098 is at entry_point+24 in (nmethod*)0x00007f45396b9f10
R12=0x00007f44a408e950 is an unknown value
R13=0x0000000000000000 is an unknown value
R14=0x00007f44bc6277e0: <offset 0x2587e0> in /usr/lib/jvm/java-8-oracle/jre/lib/amd64/libawt_xawt.so at 0x00007f44bc3cf000
R15=0x00007f44c06d5800 is a thread


Stack: [0x00007f44b0230000,0x00007f44b0331000],  sp=0x00007f44b032f478,  free space=1021k
Native frames: (J=compiled Java code, j=interpreted, Vv=VM code, C=native code)
v  ~BufferBlob::jni_fast_GetLongField
C  [libX11.so.6+0x61ae8]  _XimServerDestroy+0x58

Java frames: (J=compiled Java code, j=interpreted, Vv=VM code)
J 3703  sun.awt.X11.XlibWrapper.XFilterEvent(JJ)Z (0 bytes) @ 0x00007f45396ba0c4 [0x00007f45396ba080+0x44]
j  sun.awt.X11.XToolkit.run(Z)V+300
j  sun.awt.X11.XToolkit.run()V+5
j  java.lang.Thread.run()V+11
v  ~StubRoutines::call_stub

---------------  P R O C E S S  ---------------

Java Threads: ( => current thread )
  0x00007f44c0756800 JavaThread "AWT-EventQueue-0" [_thread_blocked, id=10303, stack(0x00007f44bcdf0000,0x00007f44bcef1000)]
  0x00007f44c06fa800 JavaThread "AWT-Shutdown" [_thread_blocked, id=10302, stack(0x00007f44bcef1000,0x00007f44bcff2000)]
=>0x00007f44c06d5800 JavaThread "AWT-XAWT" daemon [_thread_in_native, id=7839, stack(0x00007f44b0230000,0x00007f44b0331000)]
  0x00007f44c06bb000 JavaThread "Java2D Disposer" daemon [_thread_blocked, id=7838, stack(0x00007f44b0331000,0x00007f44b0432000)]
  0x00007f44c02c2000 JavaThread "Prism Font Disposer" daemon [_thread_blocked, id=7796, stack(0x00007f44d44a5000,0x00007f44d45a6000)]
  0x00007f454827e000 JavaThread "JavaFX-Launcher" [_thread_blocked, id=7791, stack(0x00007f450c046000,0x00007f450c147000)]
  0x00007f454827a800 JavaThread "JavaFX Application Thread" [_thread_in_native, id=7790, stack(0x00007f4520034000,0x00007f4520135000)]
  0x00007f4548276800 JavaThread "Thread-1" daemon [_thread_blocked, id=7789, stack(0x00007f4528041000,0x00007f4528142000)]
  0x00007f45481d0800 JavaThread "QuantumRenderer-0" daemon [_thread_in_native, id=7786, stack(0x00007f4529d6e000,0x00007f4529e6f000)]
  0x00007f45480e5000 JavaThread "Service Thread" daemon [_thread_blocked, id=7783, stack(0x00007f452a005000,0x00007f452a106000)]
  0x00007f45480c8000 JavaThread "C1 CompilerThread3" daemon [_thread_blocked, id=7782, stack(0x00007f452a106000,0x00007f452a207000)]
  0x00007f45480c5800 JavaThread "C2 CompilerThread2" daemon [_thread_blocked, id=7781, stack(0x00007f452a207000,0x00007f452a308000)]
  0x00007f45480c4000 JavaThread "C2 CompilerThread1" daemon [_thread_blocked, id=7780, stack(0x00007f452a308000,0x00007f452a409000)]
  0x00007f45480c1000 JavaThread "C2 CompilerThread0" daemon [_thread_blocked, id=7779, stack(0x00007f452a409000,0x00007f452a50a000)]
  0x00007f45480bf800 JavaThread "Signal Dispatcher" daemon [_thread_blocked, id=7778, stack(0x00007f452a50a000,0x00007f452a60b000)]
  0x00007f454808c800 JavaThread "Finalizer" daemon [_thread_blocked, id=7777, stack(0x00007f452aced000,0x00007f452adee000)]
  0x00007f4548088000 JavaThread "Reference Handler" daemon [_thread_blocked, id=7776, stack(0x00007f452adee000,0x00007f452aeef000)]
  0x00007f454800a800 JavaThread "main" [_thread_blocked, id=7761, stack(0x00007f4551648000,0x00007f4551749000)]

Other Threads:
  0x00007f4548080800 VMThread [stack: 0x00007f452aeef000,0x00007f452aff0000] [id=7775]
  0x00007f45480e8000 WatcherThread [stack: 0x00007f4529f04000,0x00007f452a005000] [id=7784]

VM state:not at safepoint (normal execution)

VM Mutex/Monitor currently owned by a thread: None

Heap:
 PSYoungGen      total 74752K, used 16031K [0x000000076ce00000, 0x0000000772e00000, 0x00000007c0000000)
  eden space 64512K, 13% used [0x000000076ce00000,0x000000076d695d90,0x0000000770d00000)
  from space 10240K, 70% used [0x0000000770d00000,0x00000007714121b0,0x0000000771700000)
  to   space 10240K, 0% used [0x0000000772400000,0x0000000772400000,0x0000000772e00000)
 ParOldGen       total 123904K, used 10942K [0x00000006c6a00000, 0x00000006ce300000, 0x000000076ce00000)
  object space 123904K, 8% used [0x00000006c6a00000,0x00000006c74af8a0,0x00000006ce300000)
 Metaspace       used 31681K, capacity 32918K, committed 33280K, reserved 1079296K
  class space    used 3974K, capacity 4260K, committed 4352K, reserved 1048576K

Card table byte_map: [0x00007f454dc30000,0x00007f454e3fc000] byte_map_base: 0x00007f454a5fb000

Marking Bits: (ParMarkBitMap*) 0x00007f4550b1ec80
 Begin Bits: [0x00007f450c350000, 0x00007f45101a8000)
 End Bits:   [0x00007f45101a8000, 0x00007f4514000000)

Polling page: 0x00007f455176b000

CodeCache: size=245760Kb used=16493Kb max_used=16500Kb free=229266Kb
 bounds [0x00007f4539000000, 0x00007f453a040000, 0x00007f4548000000]
 total_blobs=5914 nmethods=4968 adapters=858
 compilation: enabled

Compilation events (10 events):
Event: 4169,138 Thread 0x00007f45480c8000 5572       3       sun.awt.X11.XNETProtocol::isStateChange (50 bytes)
Event: 4169,139 Thread 0x00007f45480c8000 nmethod 5572 0x00007f453a01ea90 code [0x00007f453a01ed00, 0x00007f453a01fd68]
Event: 6731,742 Thread 0x00007f45480c8000 5573       1       com.sun.scenario.effect.InvertMask::getOffsetX (5 bytes)
Event: 6731,742 Thread 0x00007f45480c8000 nmethod 5573 0x00007f453a010b50 code [0x00007f453a010ca0, 0x00007f453a010db0]
Event: 6731,742 Thread 0x00007f45480c8000 5574       1       com.sun.scenario.effect.InvertMask::getOffsetY (5 bytes)
Event: 6731,742 Thread 0x00007f45480c8000 nmethod 5574 0x00007f453a0141d0 code [0x00007f453a014320, 0x00007f453a014430]
Event: 6731,795 Thread 0x00007f45480c8000 5576       3       com.sun.scenario.effect.impl.state.RenderState$3::getInputClip (2 bytes)
Event: 6731,795 Thread 0x00007f45480c8000 nmethod 5576 0x00007f453a013e90 code [0x00007f453a013fe0, 0x00007f453a014130]
Event: 6731,795 Thread 0x00007f45480c8000 5575       1       com.sun.scenario.effect.InnerShadow::getDelegate (5 bytes)
Event: 6731,795 Thread 0x00007f45480c8000 nmethod 5575 0x00007f453a013bd0 code [0x00007f453a013d20, 0x00007f453a013e30]

GC Heap History (8 events):
Event: 7,220 GC heap before
{Heap before GC invocations=1 (full 0):
 PSYoungGen      total 74752K, used 63688K [0x000000076ce00000, 0x0000000772100000, 0x00000007c0000000)
  eden space 64512K, 98% used [0x000000076ce00000,0x0000000770c32050,0x0000000770d00000)
  from space 10240K, 0% used [0x0000000771700000,0x0000000771700000,0x0000000772100000)
  to   space 10240K, 0% used [0x0000000770d00000,0x0000000770d00000,0x0000000771700000)
 ParOldGen       total 171008K, used 0K [0x00000006c6a00000, 0x00000006d1100000, 0x000000076ce00000)
  object space 171008K, 0% used [0x00000006c6a00000,0x00000006c6a00000,0x00000006d1100000)
 Metaspace       used 15530K, capacity 16152K, committed 16256K, reserved 1062912K
  class space    used 2179K, capacity 2347K, committed 2432K, reserved 1048576K
Event: 7,249 GC heap after
Heap after GC invocations=1 (full 0):
 PSYoungGen      total 74752K, used 5712K [0x000000076ce00000, 0x0000000772100000, 0x00000007c0000000)
  eden space 64512K, 0% used [0x000000076ce00000,0x000000076ce00000,0x0000000770d00000)
  from space 10240K, 55% used [0x0000000770d00000,0x0000000771294030,0x0000000771700000)
  to   space 10240K, 0% used [0x0000000771700000,0x0000000771700000,0x0000000772100000)
 ParOldGen       total 171008K, used 80K [0x00000006c6a00000, 0x00000006d1100000, 0x000000076ce00000)
  object space 171008K, 0% used [0x00000006c6a00000,0x00000006c6a14010,0x00000006d1100000)
 Metaspace       used 15530K, capacity 16152K, committed 16256K, reserved 1062912K
  class space    used 2179K, capacity 2347K, committed 2432K, reserved 1048576K
}
Event: 17,105 GC heap before
{Heap before GC invocations=2 (full 0):
 PSYoungGen      total 74752K, used 27701K [0x000000076ce00000, 0x0000000772100000, 0x00000007c0000000)
  eden space 64512K, 34% used [0x000000076ce00000,0x000000076e379510,0x0000000770d00000)
  from space 10240K, 55% used [0x0000000770d00000,0x0000000771294030,0x0000000771700000)
  to   space 10240K, 0% used [0x0000000771700000,0x0000000771700000,0x0000000772100000)
 ParOldGen       total 171008K, used 80K [0x00000006c6a00000, 0x00000006d1100000, 0x000000076ce00000)
  object space 171008K, 0% used [0x00000006c6a00000,0x00000006c6a14010,0x00000006d1100000)
 Metaspace       used 20223K, capacity 21254K, committed 21296K, reserved 1067008K
  class space    used 2928K, capacity 3182K, committed 3200K, reserved 1048576K
Event: 17,144 GC heap after
Heap after GC invocations=2 (full 0):
 PSYoungGen      total 74752K, used 10226K [0x000000076ce00000, 0x0000000772100000, 0x00000007c0000000)
  eden space 64512K, 0% used [0x000000076ce00000,0x000000076ce00000,0x0000000770d00000)
  from space 10240K, 99% used [0x0000000771700000,0x00000007720fcaf0,0x0000000772100000)
  to   space 10240K, 0% used [0x0000000770d00000,0x0000000770d00000,0x0000000771700000)
 ParOldGen       total 171008K, used 765K [0x00000006c6a00000, 0x00000006d1100000, 0x000000076ce00000)
  object space 171008K, 0% used [0x00000006c6a00000,0x00000006c6abf520,0x00000006d1100000)
 Metaspace       used 20223K, capacity 21254K, committed 21296K, reserved 1067008K
  class space    used 2928K, capacity 3182K, committed 3200K, reserved 1048576K
}
Event: 17,144 GC heap before
{Heap before GC invocations=3 (full 1):
 PSYoungGen      total 74752K, used 10226K [0x000000076ce00000, 0x0000000772100000, 0x00000007c0000000)
  eden space 64512K, 0% used [0x000000076ce00000,0x000000076ce00000,0x0000000770d00000)
  from space 10240K, 99% used [0x0000000771700000,0x00000007720fcaf0,0x0000000772100000)
  to   space 10240K, 0% used [0x0000000770d00000,0x0000000770d00000,0x0000000771700000)
 ParOldGen       total 171008K, used 765K [0x00000006c6a00000, 0x00000006d1100000, 0x000000076ce00000)
  object space 171008K, 0% used [0x00000006c6a00000,0x00000006c6abf520,0x00000006d1100000)
 Metaspace       used 20223K, capacity 21254K, committed 21296K, reserved 1067008K
  class space    used 2928K, capacity 3182K, committed 3200K, reserved 1048576K
Event: 17,316 GC heap after
Heap after GC invocations=3 (full 1):
 PSYoungGen      total 74752K, used 0K [0x000000076ce00000, 0x0000000772100000, 0x00000007c0000000)
  eden space 64512K, 0% used [0x000000076ce00000,0x000000076ce00000,0x0000000770d00000)
  from space 10240K, 0% used [0x0000000771700000,0x0000000771700000,0x0000000772100000)
  to   space 10240K, 0% used [0x0000000770d00000,0x0000000770d00000,0x0000000771700000)
 ParOldGen       total 123904K, used 10934K [0x00000006c6a00000, 0x00000006ce300000, 0x000000076ce00000)
  object space 123904K, 8% used [0x00000006c6a00000,0x00000006c74ad8a0,0x00000006ce300000)
 Metaspace       used 20223K, capacity 21254K, committed 21296K, reserved 1067008K
  class space    used 2928K, capacity 3182K, committed 3200K, reserved 1048576K
}
Event: 192,434 GC heap before
{Heap before GC invocations=4 (full 1):
 PSYoungGen      total 74752K, used 64512K [0x000000076ce00000, 0x0000000772100000, 0x00000007c0000000)
  eden space 64512K, 100% used [0x000000076ce00000,0x0000000770d00000,0x0000000770d00000)
  from space 10240K, 0% used [0x0000000771700000,0x0000000771700000,0x0000000772100000)
  to   space 10240K, 0% used [0x0000000770d00000,0x0000000770d00000,0x0000000771700000)
 ParOldGen       total 123904K, used 10934K [0x00000006c6a00000, 0x00000006ce300000, 0x000000076ce00000)
  object space 123904K, 8% used [0x00000006c6a00000,0x00000006c74ad8a0,0x00000006ce300000)
 Metaspace       used 31544K, capacity 32770K, committed 33024K, reserved 1077248K
  class space    used 3966K, capacity 4254K, committed 4352K, reserved 1048576K
Event: 192,442 GC heap after
Heap after GC invocations=4 (full 1):
 PSYoungGen      total 74752K, used 7240K [0x000000076ce00000, 0x0000000772e00000, 0x00000007c0000000)
  eden space 64512K, 0% used [0x000000076ce00000,0x000000076ce00000,0x0000000770d00000)
  from space 10240K, 70% used [0x0000000770d00000,0x00000007714121b0,0x0000000771700000)
  to   space 10240K, 0% used [0x0000000772400000,0x0000000772400000,0x0000000772e00000)
 ParOldGen       total 123904K, used 10942K [0x00000006c6a00000, 0x00000006ce300000, 0x000000076ce00000)
  object space 123904K, 8% used [0x00000006c6a00000,0x00000006c74af8a0,0x00000006ce300000)
 Metaspace       used 31544K, capacity 32770K, committed 33024K, reserved 1077248K
  class space    used 3966K, capacity 4254K, committed 4352K, reserved 1048576K
}

Deoptimization events (10 events):
Event: 181,321 Thread 0x00007f454827a800 Uncommon trap: reason=class_check action=maybe_recompile pc=0x00007f4539567d94 method=java.io.FilterInputStream.read()I @ 4
Event: 181,322 Thread 0x00007f454827a800 Uncommon trap: reason=class_check action=maybe_recompile pc=0x00007f4539567d94 method=java.io.FilterInputStream.read()I @ 4
Event: 181,400 Thread 0x00007f454827a800 Uncommon trap: reason=unstable_if action=reinterpret pc=0x00007f453933b814 method=java.lang.ref.SoftReference.get()Ljava/lang/Object; @ 17
Event: 181,428 Thread 0x00007f454827a800 Uncommon trap: reason=bimorphic action=maybe_recompile pc=0x00007f4539952278 method=javafx.scene.Node.getLocalBounds(Lcom/sun/javafx/geom/BaseBounds;Lcom/sun/javafx/geom/transform/BaseTransform;)Lcom/sun/javafx/geom/BaseBounds; @ 22
Event: 6731,471 Thread 0x00007f454827a800 Uncommon trap: reason=unstable_if action=reinterpret pc=0x00007f4539f0cd00 method=com.sun.javafx.tk.quantum.QuantumToolkit.postPulse()V @ 37
Event: 6731,488 Thread 0x00007f454827a800 Uncommon trap: reason=unstable_if action=reinterpret pc=0x00007f4539a2f224 method=com.sun.javafx.tk.quantum.QuantumToolkit.postPulse()V @ 37
Event: 6731,556 Thread 0x00007f44c0756800 Uncommon trap: reason=bimorphic action=maybe_recompile pc=0x00007f4539cf7f14 method=sun.java2d.SunGraphics2D.validateColor()V @ 95
Event: 6731,557 Thread 0x00007f44c0756800 Uncommon trap: reason=bimorphic action=maybe_recompile pc=0x00007f4539cf7f14 method=sun.java2d.SunGraphics2D.validateColor()V @ 95
Event: 6731,557 Thread 0x00007f44c0756800 Uncommon trap: reason=bimorphic action=maybe_recompile pc=0x00007f4539cf7f14 method=sun.java2d.SunGraphics2D.validateColor()V @ 95
Event: 6731,557 Thread 0x00007f44c0756800 Uncommon trap: reason=bimorphic action=maybe_recompile pc=0x00007f4539cf7f14 method=sun.java2d.SunGraphics2D.validateColor()V @ 95

Internal exceptions (10 events):
Event: 3,046 Thread 0x00007f454827a800 Exception <a 'java/lang/ArrayIndexOutOfBoundsException': 18> (0x000000076e0d93e0) thrown at [/HUDSON3/workspace/8-2-build-linux-amd64/jdk8u121/8372/hotspot/src/share/vm/interpreter/interpreterRuntime.cpp, line 366]
Event: 3,048 Thread 0x00007f454827a800 Exception <a 'java/lang/ArrayIndexOutOfBoundsException': 86> (0x000000076e0da788) thrown at [/HUDSON3/workspace/8-2-build-linux-amd64/jdk8u121/8372/hotspot/src/share/vm/interpreter/interpreterRuntime.cpp, line 366]
Event: 3,951 Thread 0x00007f454827a800 Exception <a 'java/lang/ArrayIndexOutOfBoundsException'> (0x000000076e414818) thrown at [/HUDSON3/workspace/8-2-build-linux-amd64/jdk8u121/8372/hotspot/src/share/vm/runtime/sharedRuntime.cpp, line 605]
Event: 5,020 Thread 0x00007f454827a800 Exception <a 'java/lang/ArrayIndexOutOfBoundsException'> (0x000000076f1d2128) thrown at [/HUDSON3/workspace/8-2-build-linux-amd64/jdk8u121/8372/hotspot/src/share/vm/runtime/sharedRuntime.cpp, line 605]
Event: 6,344 Thread 0x00007f454827a800 Exception <a 'java/io/FileNotFoundException'> (0x0000000770704870) thrown at [/HUDSON3/workspace/8-2-build-linux-amd64/jdk8u121/8372/hotspot/src/share/vm/prims/jni.cpp, line 709]
Event: 8,241 Thread 0x00007f454827a800 Implicit null exception at 0x00007f4539320af5 to 0x00007f4539320cf1
Event: 8,257 Thread 0x00007f454827a800 Implicit null exception at 0x00007f453929d9af to 0x00007f453929da19
Event: 14,313 Thread 0x00007f454827a800 Implicit null exception at 0x00007f4539528f11 to 0x00007f453952949d
Event: 28,693 Thread 0x00007f454827a800 Exception <a 'java/io/FileNotFoundException'> (0x000000076d558db0) thrown at [/HUDSON3/workspace/8-2-build-linux-amd64/jdk8u121/8372/hotspot/src/share/vm/prims/jni.cpp, line 709]
Event: 28,694 Thread 0x00007f454827a800 Exception <a 'java/io/FileNotFoundException'> (0x000000076d559b10) thrown at [/HUDSON3/workspace/8-2-build-linux-amd64/jdk8u121/8372/hotspot/src/share/vm/prims/jni.cpp, line 709]

Events (10 events):
Event: 6731,556 Thread 0x00007f44c0756800 DEOPT UNPACKING pc=0x00007f4539005229 sp=0x00007f44bceecf88 mode 2
Event: 6731,557 Thread 0x00007f44c0756800 Uncommon trap: trap_request=0xffffffc6 fr.pc=0x00007f4539cf7f14
Event: 6731,557 Thread 0x00007f44c0756800 DEOPT PACKING pc=0x00007f4539cf7f14 sp=0x00007f44bceed010
Event: 6731,557 Thread 0x00007f44c0756800 DEOPT UNPACKING pc=0x00007f4539005229 sp=0x00007f44bceecfb0 mode 2
Event: 6731,557 Thread 0x00007f44c0756800 Uncommon trap: trap_request=0xffffffc6 fr.pc=0x00007f4539cf7f14
Event: 6731,557 Thread 0x00007f44c0756800 DEOPT PACKING pc=0x00007f4539cf7f14 sp=0x00007f44bceed030
Event: 6731,557 Thread 0x00007f44c0756800 DEOPT UNPACKING pc=0x00007f4539005229 sp=0x00007f44bceecfc8 mode 2
Event: 6731,557 Thread 0x00007f44c0756800 Uncommon trap: trap_request=0xffffffc6 fr.pc=0x00007f4539cf7f14
Event: 6731,557 Thread 0x00007f44c0756800 DEOPT PACKING pc=0x00007f4539cf7f14 sp=0x00007f44bceecfc0
Event: 6731,557 Thread 0x00007f44c0756800 DEOPT UNPACKING pc=0x00007f4539005229 sp=0x00007f44bceecf58 mode 2


Dynamic libraries:
00400000-00401000 r-xp 00000000 08:02 27816525                           /usr/lib/jvm/java-8-oracle/bin/java
00600000-00601000 rw-p 00000000 08:02 27816525                           /usr/lib/jvm/java-8-oracle/bin/java
0166f000-01690000 rw-p 00000000 00:00 0                                  [heap]
6c6a00000-6ce300000 rw-p 00000000 00:00 0 
6ce300000-76ce00000 ---p 00000000 00:00 0 
76ce00000-772e00000 rw-p 00000000 00:00 0 
772e00000-7c0000000 ---p 00000000 00:00 0 
7c0000000-7c0440000 rw-p 00000000 00:00 0 
7c0440000-800000000 ---p 00000000 00:00 0 
7f4470000000-7f4470022000 rw-p 00000000 00:00 0 
7f4470022000-7f4474000000 ---p 00000000 00:00 0 
7f4474000000-7f4474022000 rw-p 00000000 00:00 0 
7f4474022000-7f4478000000 ---p 00000000 00:00 0 
7f4478000000-7f4478022000 rw-p 00000000 00:00 0 
7f4478022000-7f447c000000 ---p 00000000 00:00 0 
7f447c000000-7f447c022000 rw-p 00000000 00:00 0 
7f447c022000-7f4480000000 ---p 00000000 00:00 0 
7f4480000000-7f4480022000 rw-p 00000000 00:00 0 
7f4480022000-7f4484000000 ---p 00000000 00:00 0 
7f4484000000-7f4484027000 rw-p 00000000 00:00 0 
7f4484027000-7f4488000000 ---p 00000000 00:00 0 
7f448b7ff000-7f448b800000 ---p 00000000 00:00 0 
7f448b800000-7f448c000000 rw-p 00000000 00:00 0 
7f448c000000-7f448c022000 rw-p 00000000 00:00 0 
7f448c022000-7f4490000000 ---p 00000000 00:00 0 
7f4490000000-7f4490022000 rw-p 00000000 00:00 0 
7f4490022000-7f4494000000 ---p 00000000 00:00 0 
7f4494000000-7f4494022000 rw-p 00000000 00:00 0 
7f4494022000-7f4498000000 ---p 00000000 00:00 0 
7f4498000000-7f4498022000 rw-p 00000000 00:00 0 
7f4498022000-7f449c000000 ---p 00000000 00:00 0 
7f449c000000-7f449c022000 rw-p 00000000 00:00 0 
7f449c022000-7f44a0000000 ---p 00000000 00:00 0 
7f44a196b000-7f44a1b6b000 rw-p 00000000 00:00 0 
7f44a1b6b000-7f44a1bd4000 r-xp 00000000 08:02 27939175                   /usr/lib/jvm/java-8-oracle/jre/lib/amd64/libt2k.so
7f44a1bd4000-7f44a1dd4000 ---p 00069000 08:02 27939175                   /usr/lib/jvm/java-8-oracle/jre/lib/amd64/libt2k.so
7f44a1dd4000-7f44a1ddb000 rw-p 00069000 08:02 27939175                   /usr/lib/jvm/java-8-oracle/jre/lib/amd64/libt2k.so
7f44a1ddb000-7f44a1deb000 rw-p 00000000 00:00 0 
7f44a1deb000-7f44a1dfc000 r-xp 00000000 08:02 27939125                   /usr/lib/jvm/java-8-oracle/jre/lib/amd64/libnio.so
7f44a1dfc000-7f44a1ffb000 ---p 00011000 08:02 27939125                   /usr/lib/jvm/java-8-oracle/jre/lib/amd64/libnio.so
7f44a1ffb000-7f44a1ffc000 rw-p 00010000 08:02 27939125                   /usr/lib/jvm/java-8-oracle/jre/lib/amd64/libnio.so
7f44a28ab000-7f44a28c1000 r-xp 00000000 08:02 27939146                   /usr/lib/jvm/java-8-oracle/jre/lib/amd64/libnet.so
7f44a28c1000-7f44a2ac1000 ---p 00016000 08:02 27939146                   /usr/lib/jvm/java-8-oracle/jre/lib/amd64/libnet.so
7f44a2ac1000-7f44a2ac2000 rw-p 00016000 08:02 27939146                   /usr/lib/jvm/java-8-oracle/jre/lib/amd64/libnet.so
7f44a2bc3000-7f44a2dc3000 rw-p 00000000 00:00 0 
7f44a2dc3000-7f44a2dfe000 r-xp 00000000 08:02 27939153                   /usr/lib/jvm/java-8-oracle/jre/lib/amd64/libjpeg.so
7f44a2dfe000-7f44a2ffd000 ---p 0003b000 08:02 27939153                   /usr/lib/jvm/java-8-oracle/jre/lib/amd64/libjpeg.so
7f44a2ffd000-7f44a2ffe000 rw-p 0003a000 08:02 27939153                   /usr/lib/jvm/java-8-oracle/jre/lib/amd64/libjpeg.so
7f44a2ffe000-7f44a2fff000 ---p 00000000 00:00 0 
7f44a2fff000-7f44a37ff000 rw-p 00000000 00:00 0 
7f44a37ff000-7f44a3800000 ---p 00000000 00:00 0 
7f44a3800000-7f44a4000000 rw-p 00000000 00:00 0 
7f44a4000000-7f44a42d8000 rw-p 00000000 00:00 0 
7f44a42d8000-7f44a8000000 ---p 00000000 00:00 0 
7f44a8000000-7f44a8025000 rw-p 00000000 00:00 0 
7f44a8025000-7f44ac000000 ---p 00000000 00:00 0 
7f44ac000000-7f44ac022000 rw-p 00000000 00:00 0 
7f44ac022000-7f44b0000000 ---p 00000000 00:00 0 
7f44b0030000-7f44b0070000 rw-p 00000000 00:00 0 
7f44b0070000-7f44b0230000 ---p 00000000 00:00 0 
7f44b0230000-7f44b0233000 ---p 00000000 00:00 0 
7f44b0233000-7f44b0331000 rw-p 00000000 00:00 0                          [stack:7839]
7f44b0331000-7f44b0334000 ---p 00000000 00:00 0 
7f44b0334000-7f44b0432000 rw-p 00000000 00:00 0                          [stack:7838]
7f44b0432000-7f44b0497000 r-xp 00000000 08:02 27939124                   /usr/lib/jvm/java-8-oracle/jre/lib/amd64/libfontmanager.so
7f44b0497000-7f44b0696000 ---p 00065000 08:02 27939124                   /usr/lib/jvm/java-8-oracle/jre/lib/amd64/libfontmanager.so
7f44b0696000-7f44b069b000 rw-p 00064000 08:02 27939124                   /usr/lib/jvm/java-8-oracle/jre/lib/amd64/libfontmanager.so
7f44b069b000-7f44b06ab000 rw-p 00000000 00:00 0 
7f44b06ab000-7f44b070b000 rw-s 00000000 00:04 15171621                   /SYSV00000000 (deleted)
7f44b070b000-7f44b078b000 rw-s 00000000 00:04 15138852                   /SYSV00000000 (deleted)
7f44b078b000-7f44b07dd000 r--p 00000000 08:02 28838641                   /usr/share/fonts/truetype/ubuntu-font-family/Ubuntu-B.ttf
7f44b07dd000-7f44b0836000 r-xp 00000000 08:02 27790293                   /usr/lib/x86_64-linux-gnu/libibus-1.0.so.5.0.505
7f44b0836000-7f44b0a36000 ---p 00059000 08:02 27790293                   /usr/lib/x86_64-linux-gnu/libibus-1.0.so.5.0.505
7f44b0a36000-7f44b0a38000 r--p 00059000 08:02 27790293                   /usr/lib/x86_64-linux-gnu/libibus-1.0.so.5.0.505
7f44b0a38000-7f44b0a39000 rw-p 0005b000 08:02 27790293                   /usr/lib/x86_64-linux-gnu/libibus-1.0.so.5.0.505
7f44b0a39000-7f44b0a3a000 rw-p 00000000 00:00 0 
7f44b0a3a000-7f44b0a40000 r-xp 00000000 08:02 28181876                   /usr/lib/x86_64-linux-gnu/gtk-2.0/2.10.0/immodules/im-ibus.so
7f44b0a40000-7f44b0c40000 ---p 00006000 08:02 28181876                   /usr/lib/x86_64-linux-gnu/gtk-2.0/2.10.0/immodules/im-ibus.so
7f44b0c40000-7f44b0c41000 r--p 00006000 08:02 28181876                   /usr/lib/x86_64-linux-gnu/gtk-2.0/2.10.0/immodules/im-ibus.so
7f44b0c41000-7f44b0c42000 rw-p 00007000 08:02 28181876                   /usr/lib/x86_64-linux-gnu/gtk-2.0/2.10.0/immodules/im-ibus.so
7f44b0c42000-7f44b0c43000 ---p 00000000 00:00 0 
7f44b0c43000-7f44b1443000 rw-p 00000000 00:00 0 
7f44b4000000-7f44b4021000 rw-p 00000000 00:00 0 
7f44b4021000-7f44b8000000 ---p 00000000 00:00 0 
7f44b8000000-7f44b8021000 rw-p 00000000 00:00 0 
7f44b8021000-7f44bc000000 ---p 00000000 00:00 0 
7f44bc050000-7f44bc0a2000 r--p 00000000 08:02 28838485                   /usr/share/fonts/truetype/dejavu/DejaVuSansMono.ttf
7f44bc0a2000-7f44bc0f9000 r--p 00000000 08:02 28838648                   /usr/share/fonts/truetype/ubuntu-font-family/Ubuntu-R.ttf
7f44bc188000-7f44bc1cf000 rw-s 00000000 00:04 15237158                   /SYSV00000000 (deleted)
7f44bc1cf000-7f44bc3cf000 rw-p 00000000 00:00 0 
7f44bc3cf000-7f44bc423000 r-xp 00000000 08:02 27939165                   /usr/lib/jvm/java-8-oracle/jre/lib/amd64/libawt_xawt.so
7f44bc423000-7f44bc623000 ---p 00054000 08:02 27939165                   /usr/lib/jvm/java-8-oracle/jre/lib/amd64/libawt_xawt.so
7f44bc623000-7f44bc627000 rw-p 00054000 08:02 27939165                   /usr/lib/jvm/java-8-oracle/jre/lib/amd64/libawt_xawt.so
7f44bc627000-7f44bc628000 rw-p 00000000 00:00 0 
7f44bc628000-7f44bc6ca000 r-xp 00000000 08:02 27939132                   /usr/lib/jvm/java-8-oracle/jre/lib/amd64/libawt.so
7f44bc6ca000-7f44bc8ca000 ---p 000a2000 08:02 27939132                   /usr/lib/jvm/java-8-oracle/jre/lib/amd64/libawt.so
7f44bc8ca000-7f44bc8d6000 rw-p 000a2000 08:02 27939132                   /usr/lib/jvm/java-8-oracle/jre/lib/amd64/libawt.so
7f44bc8d6000-7f44bc8fa000 rw-p 00000000 00:00 0 
7f44bca1b000-7f44bca1e000 ---p 00000000 00:00 0 
7f44bca1e000-7f44bca54000 rw-p 00000000 00:00 0 
7f44bcb34000-7f44bcd34000 rw-p 00000000 00:00 0 
7f44bcd34000-7f44bcd38000 rw-s 00000000 00:04 111375                     /drm mm object (deleted)
7f44bcd38000-7f44bcd44000 rw-s 00000000 00:04 111374                     /drm mm object (deleted)
7f44bcd44000-7f44bcd4e000 rw-s 00000000 00:04 111373                     /drm mm object (deleted)
7f44bcd4e000-7f44bcd58000 rw-s 00000000 00:04 111372                     /drm mm object (deleted)
7f44bcd58000-7f44bcd78000 rw-s 00000000 00:04 111371                     /drm mm object (deleted)
7f44bcd78000-7f44bcd90000 rw-s 00000000 00:04 111370                     /drm mm object (deleted)
7f44bcd90000-7f44bcdb0000 rw-s 00000000 00:04 111369                     /drm mm object (deleted)
7f44bcdf0000-7f44bcdf3000 ---p 00000000 00:00 0 
7f44bcdf3000-7f44bcef1000 rw-p 00000000 00:00 0                          [stack:10303]
7f44bcef1000-7f44bcef4000 ---p 00000000 00:00 0 
7f44bcef4000-7f44bcff2000 rw-p 00000000 00:00 0                          [stack:10302]
7f44bcffa000-7f44bcffd000 ---p 00000000 00:00 0 
7f44bcffd000-7f44bd0fb000 rw-p 00000000 00:00 0 
7f44bd0fb000-7f44bd11c000 r-xp 00000000 08:02 27266992                   /lib/x86_64-linux-gnu/liblzma.so.5.0.0
7f44bd11c000-7f44bd31b000 ---p 00021000 08:02 27266992                   /lib/x86_64-linux-gnu/liblzma.so.5.0.0
7f44bd31b000-7f44bd31c000 r--p 00020000 08:02 27266992                   /lib/x86_64-linux-gnu/liblzma.so.5.0.0
7f44bd31c000-7f44bd31d000 rw-p 00021000 08:02 27266992                   /lib/x86_64-linux-gnu/liblzma.so.5.0.0
7f44bd31d000-7f44bd479000 r-xp 00000000 08:02 27792378                   /usr/lib/x86_64-linux-gnu/libxml2.so.2.9.1
7f44bd479000-7f44bd679000 ---p 0015c000 08:02 27792378                   /usr/lib/x86_64-linux-gnu/libxml2.so.2.9.1
7f44bd679000-7f44bd681000 r--p 0015c000 08:02 27792378                   /usr/lib/x86_64-linux-gnu/libxml2.so.2.9.1
7f44bd681000-7f44bd683000 rw-p 00164000 08:02 27792378                   /usr/lib/x86_64-linux-gnu/libxml2.so.2.9.1
7f44bd683000-7f44bd684000 rw-p 00000000 00:00 0 
7f44bd684000-7f44bd6bc000 r-xp 00000000 08:02 27795013                   /usr/lib/x86_64-linux-gnu/libcroco-0.6.so.3.0.1
7f44bd6bc000-7f44bd8bb000 ---p 00038000 08:02 27795013                   /usr/lib/x86_64-linux-gnu/libcroco-0.6.so.3.0.1
7f44bd8bb000-7f44bd8be000 r--p 00037000 08:02 27795013                   /usr/lib/x86_64-linux-gnu/libcroco-0.6.so.3.0.1
7f44bd8be000-7f44bd8bf000 rw-p 0003a000 08:02 27795013                   /usr/lib/x86_64-linux-gnu/libcroco-0.6.so.3.0.1
7f44bd8bf000-7f44bd8f3000 r-xp 00000000 08:02 27795662                   /usr/lib/x86_64-linux-gnu/librsvg-2.so.2.40.2
7f44bd8f3000-7f44bdaf2000 ---p 00034000 08:02 27795662                   /usr/lib/x86_64-linux-gnu/librsvg-2.so.2.40.2
7f44bdaf2000-7f44bdaf3000 r--p 00033000 08:02 27795662                   /usr/lib/x86_64-linux-gnu/librsvg-2.so.2.40.2
7f44bdaf3000-7f44bdaf4000 rw-p 00034000 08:02 27795662                   /usr/lib/x86_64-linux-gnu/librsvg-2.so.2.40.2
7f44bdb0c000-7f44bdb13000 r--s 00000000 08:02 28207123                   /usr/lib/x86_64-linux-gnu/gconv/gconv-modules.cache
7f44bdb13000-7f44bdb15000 r-xp 00000000 08:02 28181666                   /usr/lib/x86_64-linux-gnu/gdk-pixbuf-2.0/2.10.0/loaders/libpixbufloader-svg.so
7f44bdb15000-7f44bdd14000 ---p 00002000 08:02 28181666                   /usr/lib/x86_64-linux-gnu/gdk-pixbuf-2.0/2.10.0/loaders/libpixbufloader-svg.so
7f44bdd14000-7f44bdd15000 r--p 00001000 08:02 28181666                   /usr/lib/x86_64-linux-gnu/gdk-pixbuf-2.0/2.10.0/loaders/libpixbufloader-svg.so
7f44bdd15000-7f44bdd16000 rw-p 00002000 08:02 28181666                   /usr/lib/x86_64-linux-gnu/gdk-pixbuf-2.0/2.10.0/loaders/libpixbufloader-svg.so
7f44bdd16000-7f44bdd1a000 r-xp 00000000 08:02 28182182                   /usr/lib/x86_64-linux-gnu/gdk-pixbuf-2.0/2.10.0/loaders/libpixbufloader-png.so
7f44bdd1a000-7f44bdf1a000 ---p 00004000 08:02 28182182                   /usr/lib/x86_64-linux-gnu/gdk-pixbuf-2.0/2.10.0/loaders/libpixbufl